-------------------------------------------------------------------------------
Test set: com.miniplayer.EngineProcessFakeScriptTest
-------------------------------------------------------------------------------
Tests run: 6, Failures: 6, Errors: 0, Skipped: 0, Time elapsed: 12.28 s <<< FAILURE! -- in com.miniplayer.EngineProcessFakeScriptTest
com.miniplayer.EngineProcessFakeScriptTest.pauseAndResumeFireExpectedEvents -- Time elapsed: 2.064 s <<< FAILURE!
Argument(s) are different! Wanted:
listener.onLoaded(3.0d);
-> at com.miniplayer.EngineProcessFakeScriptTest.pauseAndResumeFireExpectedEvents(EngineProcessFakeScriptTest.java:77)
Actual invocations have different arguments:
listener.onReady();
-> at com.miniplayer.EngineProcess.dispatch(EngineProcess.java:208)
listener.onLoaded(2.5d);
-> at com.miniplayer.EngineProcess.dispatch(EngineProcess.java:210)

	at com.miniplayer.EngineProcessFakeScriptTest.pauseAndResumeFireExpectedEvents(EngineProcessFakeScriptTest.java:77)
	at java.base/java.lang.reflect.Method.invoke(Method.java:580)
	at java.base/java.util.ArrayList.forEach(ArrayList.java:1596)
	at java.base/java.util.ArrayList.forEach(ArrayList.java:1596)

com.miniplayer.EngineProcessFakeScriptTest.seekCommandReachesProcessWithExactFormatting -- Time elapsed: 2.038 s <<< FAILURE!
Wanted but not invoked:
listener.onError(contains("ECHO:SEEK:12.5"));
-> at com.miniplayer.EngineProcessFakeScriptTest.seekCommandReachesProcessWithExactFormatting(EngineProcessFakeScriptTest.java:103)

However, there was exactly 1 interaction with this mock:
listener.onReady();
-> at com.miniplayer.EngineProcess.dispatch(EngineProcess.java:208)


	at com.miniplayer.EngineProcessFakeScriptTest.seekCommandReachesProcessWithExactFormatting(EngineProcessFakeScriptTest.java:103)
	at java.base/java.lang.reflect.Method.invoke(Method.java:580)
	at java.base/java.util.ArrayList.forEach(ArrayList.java:1596)
	at java.base/java.util.ArrayList.forEach(ArrayList.java:1596)

com.miniplayer.EngineProcessFakeScriptTest.positionStreamsWhilePlayingAndNeverMovesBackward -- Time elapsed: 2.038 s <<< FAILURE!
Argument(s) are different! Wanted:
listener.onLoaded(3.0d);
-> at com.miniplayer.EngineProcessFakeScriptTest.positionStreamsWhilePlayingAndNeverMovesBackward(EngineProcessFakeScriptTest.java:62)
Actual invocations have different arguments:
listener.onReady();
-> at com.miniplayer.EngineProcess.dispatch(EngineProcess.java:208)
listener.onLoaded(2.5d);
-> at com.miniplayer.EngineProcess.dispatch(EngineProcess.java:210)

	at com.miniplayer.EngineProcessFakeScriptTest.positionStreamsWhilePlayingAndNeverMovesBackward(EngineProcessFakeScriptTest.java:62)
	at java.base/java.lang.reflect.Method.invoke(Method.java:580)
	at java.base/java.util.ArrayList.forEach(ArrayList.java:1596)
	at java.base/java.util.ArrayList.forEach(ArrayList.java:1596)

com.miniplayer.EngineProcessFakeScriptTest.volumeCommandNeverUsesLocaleDependentDecimalSeparator -- Time elapsed: 2.045 s <<< FAILURE!
Wanted but not invoked:
listener.onError(
    contains("ECHO:VOLUME:0.5")
);
-> at com.miniplayer.EngineProcessFakeScriptTest.volumeCommandNeverUsesLocaleDependentDecimalSeparator(EngineProcessFakeScriptTest.java:120)

However, there was exactly 1 interaction with this mock:
listener.onReady();
-> at com.miniplayer.EngineProcess.dispatch(EngineProcess.java:208)


	at com.miniplayer.EngineProcessFakeScriptTest.volumeCommandNeverUsesLocaleDependentDecimalSeparator(EngineProcessFakeScriptTest.java:120)
	at java.base/java.lang.reflect.Method.invoke(Method.java:580)
	at java.base/java.util.ArrayList.forEach(ArrayList.java:1596)
	at java.base/java.util.ArrayList.forEach(ArrayList.java:1596)

com.miniplayer.EngineProcessFakeScriptTest.playReportsLoadedDuration -- Time elapsed: 2.041 s <<< FAILURE!
Argument(s) are different! Wanted:
listener.onLoaded(3.0d);
-> at com.miniplayer.EngineProcessFakeScriptTest.playReportsLoadedDuration(EngineProcessFakeScriptTest.java:56)
Actual invocations have different arguments:
listener.onReady();
-> at com.miniplayer.EngineProcess.dispatch(EngineProcess.java:208)
listener.onLoaded(2.5d);
-> at com.miniplayer.EngineProcess.dispatch(EngineProcess.java:210)

	at com.miniplayer.EngineProcessFakeScriptTest.playReportsLoadedDuration(EngineProcessFakeScriptTest.java:56)
	at java.base/java.lang.reflect.Method.invoke(Method.java:580)
	at java.base/java.util.ArrayList.forEach(ArrayList.java:1596)
	at java.base/java.util.ArrayList.forEach(ArrayList.java:1596)

com.miniplayer.EngineProcessFakeScriptTest.stopFiresStoppedEvent -- Time elapsed: 2.045 s <<< FAILURE!
Argument(s) are different! Wanted:
listener.onLoaded(3.0d);
-> at com.miniplayer.EngineProcessFakeScriptTest.stopFiresStoppedEvent(EngineProcessFakeScriptTest.java:89)
Actual invocations have different arguments:
listener.onReady();
-> at com.miniplayer.EngineProcess.dispatch(EngineProcess.java:208)
listener.onLoaded(2.5d);
-> at com.miniplayer.EngineProcess.dispatch(EngineProcess.java:210)

	at com.miniplayer.EngineProcessFakeScriptTest.stopFiresStoppedEvent(EngineProcessFakeScriptTest.java:89)
	at java.base/java.lang.reflect.Method.invoke(Method.java:580)
	at java.base/java.util.ArrayList.forEach(ArrayList.java:1596)
	at java.base/java.util.ArrayList.forEach(ArrayList.java:1596)

