<?xml version="1.0" encoding="UTF-8"?>
<testsuite xmlns:xsi="http://www.w3.org/2001/XMLSchema-instance" xsi:noNamespaceSchemaLocation="https://maven.apache.org/surefire/maven-surefire-plugin/xsd/surefire-test-report-3.0.xsd" version="3.0" name="com.miniplayer.EngineProcessFakeScriptTest" time="12.281" tests="6" errors="0" skipped="0" failures="6">
  <properties>
[...]
</properties>
  <testcase name="pauseAndResumeFireExpectedEvents" classname="com.miniplayer.EngineProcessFakeScriptTest" time="2.064">
    <failure message="&#10;Argument(s) are different! Wanted:&#10;listener.onLoaded(3.0d);&#10;-&gt; at com.miniplayer.EngineProcessFakeScriptTest.pauseAndResumeFireExpectedEvents(EngineProcessFakeScriptTest.java:77)&#10;Actual invocations have different arguments:&#10;listener.onReady();&#10;-&gt; at com.miniplayer.EngineProcess.dispatch(EngineProcess.java:208)&#10;listener.onLoaded(2.5d);&#10;-&gt; at com.miniplayer.EngineProcess.dispatch(EngineProcess.java:210)&#10;" type="Argument(s) are different! Wanted"><![CDATA[Argument(s) are different! Wanted:
listener.onLoaded(3.0d);
-> at com.miniplayer.EngineProcessFakeScriptTest.pauseAndResumeFireExpectedEvents(EngineProcessFakeScriptTest.java:77)
Actual invocations have different arguments:
listener.onReady();
-> at com.miniplayer.EngineProcess.dispatch(EngineProcess.java:208)
listener.onLoaded(2.5d);
-> at com.miniplayer.EngineProcess.dispatch(EngineProcess.java:210)

	at com.miniplayer.EngineProcessFakeScriptTest.pauseAndResumeFireExpectedEvents(EngineProcessFakeScriptTest.java:77)
	at java.base/java.lang.reflect.Method.invoke(Method.java:580)
	at java.base/java.util.ArrayList.forEach(ArrayList.java:1596)
	at java.base/java.util.ArrayList.forEach(ArrayList.java:1596)
]]></failure>
  </testcase>
  <testcase name="seekCommandReachesProcessWithExactFormatting" classname="com.miniplayer.EngineProcessFakeScriptTest" time="2.038">
    <failure message="&#10;Wanted but not invoked:&#10;listener.onError(contains(&quot;ECHO:SEEK:12.5&quot;));&#10;-&gt; at com.miniplayer.EngineProcessFakeScriptTest.seekCommandReachesProcessWithExactFormatting(EngineProcessFakeScriptTest.java:103)&#10;&#10;However, there was exactly 1 interaction with this mock:&#10;listener.onReady();&#10;-&gt; at com.miniplayer.EngineProcess.dispatch(EngineProcess.java:208)&#10;&#10;" type="Wanted but not invoked"><![CDATA[Wanted but not invoked:
listener.onError(contains("ECHO:SEEK:12.5"));
-> at com.miniplayer.EngineProcessFakeScriptTest.seekCommandReachesProcessWithExactFormatting(EngineProcessFakeScriptTest.java:103)

However, there was exactly 1 interaction with this mock:
listener.onReady();
-> at com.miniplayer.EngineProcess.dispatch(EngineProcess.java:208)


	at com.miniplayer.EngineProcessFakeScriptTest.seekCommandReachesProcessWithExactFormatting(EngineProcessFakeScriptTest.java:103)
	at java.base/java.lang.reflect.Method.invoke(Method.java:580)
	at java.base/java.util.ArrayList.forEach(ArrayList.java:1596)
	at java.base/java.util.ArrayList.forEach(ArrayList.java:1596)
]]></failure>
  </testcase>
  <testcase name="positionStreamsWhilePlayingAndNeverMovesBackward" classname="com.miniplayer.EngineProcessFakeScriptTest" time="2.038">
    <failure message="&#10;Argument(s) are different! Wanted:&#10;listener.onLoaded(3.0d);&#10;-&gt; at com.miniplayer.EngineProcessFakeScriptTest.positionStreamsWhilePlayingAndNeverMovesBackward(EngineProcessFakeScriptTest.java:62)&#10;Actual invocations have different arguments:&#10;listener.onReady();&#10;-&gt; at com.miniplayer.EngineProcess.dispatch(EngineProcess.java:208)&#10;listener.onLoaded(2.5d);&#10;-&gt; at com.miniplayer.EngineProcess.dispatch(EngineProcess.java:210)&#10;" type="Argument(s) are different! Wanted"><![CDATA[Argument(s) are different! Wanted:
listener.onLoaded(3.0d);
-> at com.miniplayer.EngineProcessFakeScriptTest.positionStreamsWhilePlayingAndNeverMovesBackward(EngineProcessFakeScriptTest.java:62)
Actual invocations have different arguments:
listener.onReady();
-> at com.miniplayer.EngineProcess.dispatch(EngineProcess.java:208)
listener.onLoaded(2.5d);
-> at com.miniplayer.EngineProcess.dispatch(EngineProcess.java:210)

	at com.miniplayer.EngineProcessFakeScriptTest.positionStreamsWhilePlayingAndNeverMovesBackward(EngineProcessFakeScriptTest.java:62)
	at java.base/java.lang.reflect.Method.invoke(Method.java:580)
	at java.base/java.util.ArrayList.forEach(ArrayList.java:1596)
	at java.base/java.util.ArrayList.forEach(ArrayList.java:1596)
]]></failure>
  </testcase>
  <testcase name="volumeCommandNeverUsesLocaleDependentDecimalSeparator" classname="com.miniplayer.EngineProcessFakeScriptTest" time="2.045">
    <failure message="&#10;Wanted but not invoked:&#10;listener.onError(&#10;    contains(&quot;ECHO:VOLUME:0.5&quot;)&#10;);&#10;-&gt; at com.miniplayer.EngineProcessFakeScriptTest.volumeCommandNeverUsesLocaleDependentDecimalSeparator(EngineProcessFakeScriptTest.java:120)&#10;&#10;However, there was exactly 1 interaction with this mock:&#10;listener.onReady();&#10;-&gt; at com.miniplayer.EngineProcess.dispatch(EngineProcess.java:208)&#10;&#10;" type="Wanted but not invoked"><![CDATA[Wanted but not invoked:
listener.onError(
    contains("ECHO:VOLUME:0.5")
);
-> at com.miniplayer.EngineProcessFakeScriptTest.volumeCommandNeverUsesLocaleDependentDecimalSeparator(EngineProcessFakeScriptTest.java:120)

However, there was exactly 1 interaction with this mock:
listener.onReady();
-> at com.miniplayer.EngineProcess.dispatch(EngineProcess.java:208)


	at com.miniplayer.EngineProcessFakeScriptTest.volumeCommandNeverUsesLocaleDependentDecimalSeparator(EngineProcessFakeScriptTest.java:120)
	at java.base/java.lang.reflect.Method.invoke(Method.java:580)
	at java.base/java.util.ArrayList.forEach(ArrayList.java:1596)
	at java.base/java.util.ArrayList.forEach(ArrayList.java:1596)
]]></failure>
  </testcase>
  <testcase name="playReportsLoadedDuration" classname="com.miniplayer.EngineProcessFakeScriptTest" time="2.041">
    <failure message="&#10;Argument(s) are different! Wanted:&#10;listener.onLoaded(3.0d);&#10;-&gt; at com.miniplayer.EngineProcessFakeScriptTest.playReportsLoadedDuration(EngineProcessFakeScriptTest.java:56)&#10;Actual invocations have different arguments:&#10;listener.onReady();&#10;-&gt; at com.miniplayer.EngineProcess.dispatch(EngineProcess.java:208)&#10;listener.onLoaded(2.5d);&#10;-&gt; at com.miniplayer.EngineProcess.dispatch(EngineProcess.java:210)&#10;" type="Argument(s) are different! Wanted"><![CDATA[Argument(s) are different! Wanted:
listener.onLoaded(3.0d);
-> at com.miniplayer.EngineProcessFakeScriptTest.playReportsLoadedDuration(EngineProcessFakeScriptTest.java:56)
Actual invocations have different arguments:
listener.onReady();
-> at com.miniplayer.EngineProcess.dispatch(EngineProcess.java:208)
listener.onLoaded(2.5d);
-> at com.miniplayer.EngineProcess.dispatch(EngineProcess.java:210)

	at com.miniplayer.EngineProcessFakeScriptTest.playReportsLoadedDuration(EngineProcessFakeScriptTest.java:56)
	at java.base/java.lang.reflect.Method.invoke(Method.java:580)
	at java.base/java.util.ArrayList.forEach(ArrayList.java:1596)
	at java.base/java.util.ArrayList.forEach(ArrayList.java:1596)
]]></failure>
  </testcase>
  <testcase name="stopFiresStoppedEvent" classname="com.miniplayer.EngineProcessFakeScriptTest" time="2.045">
    <failure message="&#10;Argument(s) are different! Wanted:&#10;listener.onLoaded(3.0d);&#10;-&gt; at com.miniplayer.EngineProcessFakeScriptTest.stopFiresStoppedEvent(EngineProcessFakeScriptTest.java:89)&#10;Actual invocations have different arguments:&#10;listener.onReady();&#10;-&gt; at com.miniplayer.EngineProcess.dispatch(EngineProcess.java:208)&#10;listener.onLoaded(2.5d);&#10;-&gt; at com.miniplayer.EngineProcess.dispatch(EngineProcess.java:210)&#10;" type="Argument(s) are different! Wanted"><![CDATA[Argument(s) are different! Wanted:
listener.onLoaded(3.0d);
-> at com.miniplayer.EngineProcessFakeScriptTest.stopFiresStoppedEvent(EngineProcessFakeScriptTest.java:89)
Actual invocations have different arguments:
listener.onReady();
-> at com.miniplayer.EngineProcess.dispatch(EngineProcess.java:208)
listener.onLoaded(2.5d);
-> at com.miniplayer.EngineProcess.dispatch(EngineProcess.java:210)

	at com.miniplayer.EngineProcessFakeScriptTest.stopFiresStoppedEvent(EngineProcessFakeScriptTest.java:89)
	at java.base/java.lang.reflect.Method.invoke(Method.java:580)
	at java.base/java.util.ArrayList.forEach(ArrayList.java:1596)
	at java.base/java.util.ArrayList.forEach(ArrayList.java:1596)
]]></failure>
  </testcase>
</testsuite>