<?xml version="1.0" encoding="UTF-8"?>
<testsuite xmlns:xsi="http://www.w3.org/2001/XMLSchema-instance" xsi:noNamespaceSchemaLocation="https://maven.apache.org/surefire/maven-surefire-plugin/xsd/surefire-test-report-3.0.xsd" version="3.0" name="com.miniplayer.EngineProcessResilienceTest" time="9.348" tests="4" errors="0" skipped="0" failures="3">
  <properties>
[...]
</properties>
  <testcase name="garbageLineIsReportedAsErrorNotSilentlyDropped" classname="com.miniplayer.EngineProcessResilienceTest" time="3.165">
    <failure message="&#10;Wanted but not invoked:&#10;listener.onError(&#10;    contains(&quot;Unrecognized engine output&quot;)&#10;);&#10;-&gt; at com.miniplayer.EngineProcessResilienceTest.garbageLineIsReportedAsErrorNotSilentlyDropped(EngineProcessResilienceTest.java:53)&#10;&#10;However, there was exactly 1 interaction with this mock:&#10;listener.onReady();&#10;-&gt; at com.miniplayer.EngineProcess.dispatch(EngineProcess.java:208)&#10;&#10;" type="Wanted but not invoked"><![CDATA[Wanted but not invoked:
listener.onError(
    contains("Unrecognized engine output")
);
-> at com.miniplayer.EngineProcessResilienceTest.garbageLineIsReportedAsErrorNotSilentlyDropped(EngineProcessResilienceTest.java:53)

However, there was exactly 1 interaction with this mock:
listener.onReady();
-> at com.miniplayer.EngineProcess.dispatch(EngineProcess.java:208)


	at com.miniplayer.EngineProcessResilienceTest.garbageLineIsReportedAsErrorNotSilentlyDropped(EngineProcessResilienceTest.java:53)
	at java.base/java.lang.reflect.Method.invoke(Method.java:580)
	at java.base/java.util.ArrayList.forEach(ArrayList.java:1596)
	at java.base/java.util.ArrayList.forEach(ArrayList.java:1596)
]]></failure>
    <system-err><![CDATA[WARNING: A Java agent has been loaded dynamically (/home/jamesdemello/.m2/repository/net/bytebuddy/byte-buddy-agent/1.14.15/byte-buddy-agent-1.14.15.jar)
WARNING: If a serviceability tool is in use, please run with -XX:+EnableDynamicAgentLoading to hide this warning
WARNING: If a serviceability tool is not in use, please run with -Djdk.instrument.traceUsage for more information
WARNING: Dynamic loading of agents will be disallowed by default in a future release
]]></system-err>
  </testcase>
  <testcase name="sendingCommandsAfterProcessDiedNeverThrows" classname="com.miniplayer.EngineProcessResilienceTest" time="3.036">
    <failure message="&#10;Wanted but not invoked:&#10;listener.onProcessExited(7);&#10;-&gt; at com.miniplayer.EngineProcessResilienceTest.sendingCommandsAfterProcessDiedNeverThrows(EngineProcessResilienceTest.java:85)&#10;&#10;However, there was exactly 1 interaction with this mock:&#10;listener.onReady();&#10;-&gt; at com.miniplayer.EngineProcess.dispatch(EngineProcess.java:208)&#10;&#10;" type="Wanted but not invoked"><![CDATA[Wanted but not invoked:
listener.onProcessExited(7);
-> at com.miniplayer.EngineProcessResilienceTest.sendingCommandsAfterProcessDiedNeverThrows(EngineProcessResilienceTest.java:85)

However, there was exactly 1 interaction with this mock:
listener.onReady();
-> at com.miniplayer.EngineProcess.dispatch(EngineProcess.java:208)


	at com.miniplayer.EngineProcessResilienceTest.sendingCommandsAfterProcessDiedNeverThrows(EngineProcessResilienceTest.java:85)
	at java.base/java.lang.reflect.Method.invoke(Method.java:580)
	at java.base/java.util.ArrayList.forEach(ArrayList.java:1596)
	at java.base/java.util.ArrayList.forEach(ArrayList.java:1596)
]]></failure>
  </testcase>
  <testcase name="processCrashIsReportedWithItsExitCode" classname="com.miniplayer.EngineProcessResilienceTest" time="3.05">
    <failure message="&#10;Wanted but not invoked:&#10;listener.onProcessExited(7);&#10;-&gt; at com.miniplayer.EngineProcessResilienceTest.processCrashIsReportedWithItsExitCode(EngineProcessResilienceTest.java:60)&#10;&#10;However, there was exactly 1 interaction with this mock:&#10;listener.onReady();&#10;-&gt; at com.miniplayer.EngineProcess.dispatch(EngineProcess.java:208)&#10;&#10;" type="Wanted but not invoked"><![CDATA[Wanted but not invoked:
listener.onProcessExited(7);
-> at com.miniplayer.EngineProcessResilienceTest.processCrashIsReportedWithItsExitCode(EngineProcessResilienceTest.java:60)

However, there was exactly 1 interaction with this mock:
listener.onReady();
-> at com.miniplayer.EngineProcess.dispatch(EngineProcess.java:208)


	at com.miniplayer.EngineProcessResilienceTest.processCrashIsReportedWithItsExitCode(EngineProcessResilienceTest.java:60)
	at java.base/java.lang.reflect.Method.invoke(Method.java:580)
	at java.base/java.util.ArrayList.forEach(ArrayList.java:1596)
	at java.base/java.util.ArrayList.forEach(ArrayList.java:1596)
]]></failure>
  </testcase>
  <testcase name="shutdownForceKillsAProcessThatIgnoresQuit" classname="com.miniplayer.EngineProcessResilienceTest" time="0.048"/>
</testsuite>